[2.758s] DEBUG:colcon:Command line arguments: ['/usr/bin/colcon', 'build', '--symlink-install']
[2.758s] DEBUG:colcon:Parsed command line arguments: Namespace(log_base=None, log_level=None, verb_name='build', build_base='build', install_base='install', merge_install=False, symlink_install=True, test_result_base=None, continue_on_error=False, executor='parallel', parallel_workers=4, event_handlers=None, ignore_user_meta=False, metas=['./colcon.meta'], base_paths=['.'], packages_ignore=None, packages_ignore_regex=None, paths=None, packages_up_to=None, packages_up_to_regex=None, packages_above=None, packages_above_and_dependencies=None, packages_above_depth=None, packages_select_by_dep=None, packages_skip_by_dep=None, packages_skip_up_to=None, packages_select_build_failed=False, packages_skip_build_finished=False, packages_select_test_failures=False, packages_skip_test_passed=False, packages_select=None, packages_skip=None, packages_select_regex=None, packages_skip_regex=None, packages_start=None, packages_end=None, allow_overriding=[], cmake_args=None, cmake_target=None, cmake_target_skip_unavailable=False, cmake_clean_cache=False, cmake_clean_first=False, cmake_force_configure=False, ament_cmake_args=None, catkin_cmake_args=None, catkin_skip_building_tests=False, verb_parser=<colcon_defaults.argument_parser.defaults.DefaultArgumentsDecorator object at 0xffffac412d70>, verb_extension=<colcon_core.verb.build.BuildVerb object at 0xffffacc8df00>, main=<bound method BuildVerb.main of <colcon_core.verb.build.BuildVerb object at 0xffffacc8df00>>)
[3.035s] Level 1:colcon.colcon_core.package_discovery:discover_packages(colcon_meta) check parameters
[3.036s] Level 1:colcon.colcon_core.package_discovery:discover_packages(recursive) check parameters
[3.036s] Level 1:colcon.colcon_core.package_discovery:discover_packages(ignore) check parameters
[3.036s] Level 1:colcon.colcon_core.package_discovery:discover_packages(path) check parameters
[3.036s] Level 1:colcon.colcon_core.package_discovery:discover_packages(colcon_meta) discover
[3.036s] Level 1:colcon.colcon_core.package_discovery:discover_packages(recursive) discover
[3.036s] INFO:colcon.colcon_core.package_discovery:Crawling recursively for packages in '/home/rrrschuetz/ros2_ws4/src/s2e_lidar_reader/s2e_lidar_reader'
[3.037s] Level 1:colcon.colcon_core.package_identification:_identify(.) by extensions ['ignore', 'ignore_ament_install']
[3.037s] Level 1:colcon.colcon_core.package_identification:_identify(.) by extension 'ignore'
[3.038s] Level 1:colcon.colcon_core.package_identification:_identify(.) by extension 'ignore_ament_install'
[3.038s] Level 1:colcon.colcon_core.package_identification:_identify(.) by extensions ['colcon_pkg']
[3.038s] Level 1:colcon.colcon_core.package_identification:_identify(.) by extension 'colcon_pkg'
[3.039s] Level 1:colcon.colcon_core.package_identification:_identify(.) by extensions ['colcon_meta']
[3.039s] Level 1:colcon.colcon_core.package_identification:_identify(.) by extension 'colcon_meta'
[3.039s] Level 1:colcon.colcon_core.package_identification:_identify(.) by extensions ['ros']
[3.039s] Level 1:colcon.colcon_core.package_identification:_identify(.) by extension 'ros'
[3.127s] Level 1:colcon.colcon_core.package_identification:_identify(.) by extensions ['cmake', 'python']
[3.128s] Level 1:colcon.colcon_core.package_identification:_identify(.) by extension 'cmake'
[3.128s] Level 1:colcon.colcon_core.package_identification:_identify(.) by extension 'python'
[3.128s] Level 1:colcon.colcon_core.package_identification:_identify(.) by extensions ['python_setup_py']
[3.128s] Level 1:colcon.colcon_core.package_identification:_identify(.) by extension 'python_setup_py'
[3.130s] Level 1:colcon.colcon_core.package_identification:_identify(__pycache__) by extensions ['ignore', 'ignore_ament_install']
[3.131s] Level 1:colcon.colcon_core.package_identification:_identify(__pycache__) by extension 'ignore'
[3.131s] Level 1:colcon.colcon_core.package_identification:_identify(__pycache__) by extension 'ignore_ament_install'
[3.131s] Level 1:colcon.colcon_core.package_identification:_identify(__pycache__) by extensions ['colcon_pkg']
[3.132s] Level 1:colcon.colcon_core.package_identification:_identify(__pycache__) by extension 'colcon_pkg'
[3.132s] Level 1:colcon.colcon_core.package_identification:_identify(__pycache__) by extensions ['colcon_meta']
[3.132s] Level 1:colcon.colcon_core.package_identification:_identify(__pycache__) by extension 'colcon_meta'
[3.132s] Level 1:colcon.colcon_core.package_identification:_identify(__pycache__) by extensions ['ros']
[3.132s] Level 1:colcon.colcon_core.package_identification:_identify(__pycache__) by extension 'ros'
[3.133s] Level 1:colcon.colcon_core.package_identification:_identify(__pycache__) by extensions ['cmake', 'python']
[3.133s] Level 1:colcon.colcon_core.package_identification:_identify(__pycache__) by extension 'cmake'
[3.133s] Level 1:colcon.colcon_core.package_identification:_identify(__pycache__) by extension 'python'
[3.134s] Level 1:colcon.colcon_core.package_identification:_identify(__pycache__) by extensions ['python_setup_py']
[3.134s] Level 1:colcon.colcon_core.package_identification:_identify(__pycache__) by extension 'python_setup_py'
[3.135s] Level 1:colcon.colcon_core.package_identification:_identify(build) by extensions ['ignore', 'ignore_ament_install']
[3.135s] Level 1:colcon.colcon_core.package_identification:_identify(build) by extension 'ignore'
[3.135s] Level 1:colcon.colcon_core.package_identification:_identify(build) ignored
[3.136s] Level 1:colcon.colcon_core.package_identification:_identify(install) by extensions ['ignore', 'ignore_ament_install']
[3.137s] Level 1:colcon.colcon_core.package_identification:_identify(install) by extension 'ignore'
[3.137s] Level 1:colcon.colcon_core.package_identification:_identify(install) ignored
[3.137s] Level 1:colcon.colcon_core.package_identification:_identify(log) by extensions ['ignore', 'ignore_ament_install']
[3.138s] Level 1:colcon.colcon_core.package_identification:_identify(log) by extension 'ignore'
[3.138s] Level 1:colcon.colcon_core.package_identification:_identify(log) ignored
[3.139s] Level 1:colcon.colcon_core.package_discovery:discover_packages(recursive) using defaults
[3.139s] Level 1:colcon.colcon_core.package_discovery:discover_packages(ignore) discover
[3.139s] Level 1:colcon.colcon_core.package_discovery:discover_packages(ignore) using defaults
[3.139s] Level 1:colcon.colcon_core.package_discovery:discover_packages(path) discover
[3.139s] Level 1:colcon.colcon_core.package_discovery:discover_packages(path) using defaults
[3.290s] Level 1:colcon.colcon_core.package_discovery:discover_packages(prefix_path) check parameters
[3.290s] Level 1:colcon.colcon_core.package_discovery:discover_packages(prefix_path) discover
[3.311s] DEBUG:colcon.colcon_installed_package_information.package_discovery:Found 0 installed packages in /home/rrrschuetz/ros2_ws4/src/s2e_lidar_reader/s2e_lidar_reader/install
[3.317s] DEBUG:colcon.colcon_installed_package_information.package_discovery:Found 2 installed packages in /home/rrrschuetz/ros2_ws4/install
[3.326s] DEBUG:colcon.colcon_installed_package_information.package_discovery:Found 180 installed packages in /opt/ros/humble
[3.336s] Level 1:colcon.colcon_core.package_discovery:discover_packages(prefix_path) using defaults
[3.558s] INFO:colcon.colcon_core.executor:Executing jobs using 'parallel' executor
[3.572s] DEBUG:colcon.colcon_parallel_executor.executor.parallel:run_until_complete
[3.573s] DEBUG:colcon.colcon_parallel_executor.executor.parallel:closing loop
[3.574s] DEBUG:colcon.colcon_parallel_executor.executor.parallel:loop closed
[3.574s] DEBUG:colcon.colcon_parallel_executor.executor.parallel:run_until_complete finished with '0'
[3.574s] DEBUG:colcon.colcon_core.event_reactor:joining thread
[3.616s] INFO:colcon.colcon_core.plugin_system:Skipping extension 'colcon_notification.desktop_notification.notify_send': Could not find 'notify-send'
[3.617s] INFO:colcon.colcon_core.plugin_system:Skipping extension 'colcon_notification.desktop_notification.terminal_notifier': Not used on non-Darwin systems
[3.618s] INFO:colcon.colcon_core.plugin_system:Skipping extension 'colcon_notification.desktop_notification.win32': Not used on non-Windows systems
[3.618s] INFO:colcon.colcon_notification.desktop_notification:Sending desktop notification using 'notify2'
[3.624s] DEBUG:colcon.colcon_notification.desktop_notification.notify2:Failed to initialize notify2: org.freedesktop.DBus.Error.ServiceUnknown: The name org.freedesktop.Notifications was not provided by any .service files
[3.624s] DEBUG:colcon.colcon_core.event_reactor:joined thread
[3.660s] INFO:colcon.colcon_core.plugin_system:Skipping extension 'colcon_core.shell.bat': Not used on non-Windows systems
[3.662s] INFO:colcon.colcon_core.shell:Creating prefix script '/home/rrrschuetz/ros2_ws4/src/s2e_lidar_reader/s2e_lidar_reader/install/local_setup.ps1'
[3.668s] INFO:colcon.colcon_core.shell:Creating prefix util module '/home/rrrschuetz/ros2_ws4/src/s2e_lidar_reader/s2e_lidar_reader/install/_local_setup_util_ps1.py'
[3.674s] INFO:colcon.colcon_core.shell:Creating prefix chain script '/home/rrrschuetz/ros2_ws4/src/s2e_lidar_reader/s2e_lidar_reader/install/setup.ps1'
[3.682s] INFO:colcon.colcon_core.shell:Creating prefix script '/home/rrrschuetz/ros2_ws4/src/s2e_lidar_reader/s2e_lidar_reader/install/local_setup.sh'
[3.686s] INFO:colcon.colcon_core.shell:Creating prefix util module '/home/rrrschuetz/ros2_ws4/src/s2e_lidar_reader/s2e_lidar_reader/install/_local_setup_util_sh.py'
[3.689s] INFO:colcon.colcon_core.shell:Creating prefix chain script '/home/rrrschuetz/ros2_ws4/src/s2e_lidar_reader/s2e_lidar_reader/install/setup.sh'
[3.698s] INFO:colcon.colcon_core.shell:Creating prefix script '/home/rrrschuetz/ros2_ws4/src/s2e_lidar_reader/s2e_lidar_reader/install/local_setup.bash'
[3.702s] INFO:colcon.colcon_core.shell:Creating prefix chain script '/home/rrrschuetz/ros2_ws4/src/s2e_lidar_reader/s2e_lidar_reader/install/setup.bash'
[3.709s] INFO:colcon.colcon_core.shell:Creating prefix script '/home/rrrschuetz/ros2_ws4/src/s2e_lidar_reader/s2e_lidar_reader/install/local_setup.zsh'
[3.714s] INFO:colcon.colcon_core.shell:Creating prefix chain script '/home/rrrschuetz/ros2_ws4/src/s2e_lidar_reader/s2e_lidar_reader/install/setup.zsh'
