[4.330s] DEBUG:colcon:Command line arguments: ['/usr/bin/colcon', 'build', '--symlink-install']
[4.330s] DEBUG:colcon:Parsed command line arguments: Namespace(log_base=None, log_level=None, verb_name='build', build_base='build', install_base='install', merge_install=False, symlink_install=True, test_result_base=None, continue_on_error=False, executor='parallel', parallel_workers=4, event_handlers=None, ignore_user_meta=False, metas=['./colcon.meta'], base_paths=['.'], packages_ignore=None, packages_ignore_regex=None, paths=None, packages_up_to=None, packages_up_to_regex=None, packages_above=None, packages_above_and_dependencies=None, packages_above_depth=None, packages_select_by_dep=None, packages_skip_by_dep=None, packages_skip_up_to=None, packages_select_build_failed=False, packages_skip_build_finished=False, packages_select_test_failures=False, packages_skip_test_passed=False, packages_select=None, packages_skip=None, packages_select_regex=None, packages_skip_regex=None, packages_start=None, packages_end=None, allow_overriding=[], cmake_args=None, cmake_target=None, cmake_target_skip_unavailable=False, cmake_clean_cache=False, cmake_clean_first=False, cmake_force_configure=False, ament_cmake_args=None, catkin_cmake_args=None, catkin_skip_building_tests=False, verb_parser=<colcon_defaults.argument_parser.defaults.DefaultArgumentsDecorator object at 0xffffaa0a7dc0>, verb_extension=<colcon_core.verb.build.BuildVerb object at 0xffffaa591270>, main=<bound method BuildVerb.main of <colcon_core.verb.build.BuildVerb object at 0xffffaa591270>>)
[4.538s] Level 1:colcon.colcon_core.package_discovery:discover_packages(colcon_meta) check parameters
[4.538s] Level 1:colcon.colcon_core.package_discovery:discover_packages(recursive) check parameters
[4.539s] Level 1:colcon.colcon_core.package_discovery:discover_packages(ignore) check parameters
[4.539s] Level 1:colcon.colcon_core.package_discovery:discover_packages(path) check parameters
[4.539s] Level 1:colcon.colcon_core.package_discovery:discover_packages(colcon_meta) discover
[4.539s] Level 1:colcon.colcon_core.package_discovery:discover_packages(recursive) discover
[4.539s] INFO:colcon.colcon_core.package_discovery:Crawling recursively for packages in '/home/rrrschuetz/ros2_ws4/src/s2e_lidar_reader/s2e_lidar_reader'
[4.540s] Level 1:colcon.colcon_core.package_identification:_identify(.) by extensions ['ignore', 'ignore_ament_install']
[4.540s] Level 1:colcon.colcon_core.package_identification:_identify(.) by extension 'ignore'
[4.541s] Level 1:colcon.colcon_core.package_identification:_identify(.) by extension 'ignore_ament_install'
[4.541s] Level 1:colcon.colcon_core.package_identification:_identify(.) by extensions ['colcon_pkg']
[4.541s] Level 1:colcon.colcon_core.package_identification:_identify(.) by extension 'colcon_pkg'
[4.541s] Level 1:colcon.colcon_core.package_identification:_identify(.) by extensions ['colcon_meta']
[4.541s] Level 1:colcon.colcon_core.package_identification:_identify(.) by extension 'colcon_meta'
[4.541s] Level 1:colcon.colcon_core.package_identification:_identify(.) by extensions ['ros']
[4.542s] Level 1:colcon.colcon_core.package_identification:_identify(.) by extension 'ros'
[4.589s] Level 1:colcon.colcon_core.package_identification:_identify(.) by extensions ['cmake', 'python']
[4.589s] Level 1:colcon.colcon_core.package_identification:_identify(.) by extension 'cmake'
[4.589s] Level 1:colcon.colcon_core.package_identification:_identify(.) by extension 'python'
[4.589s] Level 1:colcon.colcon_core.package_identification:_identify(.) by extensions ['python_setup_py']
[4.589s] Level 1:colcon.colcon_core.package_identification:_identify(.) by extension 'python_setup_py'
[4.590s] Level 1:colcon.colcon_core.package_identification:_identify(__pycache__) by extensions ['ignore', 'ignore_ament_install']
[4.590s] Level 1:colcon.colcon_core.package_identification:_identify(__pycache__) by extension 'ignore'
[4.591s] Level 1:colcon.colcon_core.package_identification:_identify(__pycache__) by extension 'ignore_ament_install'
[4.591s] Level 1:colcon.colcon_core.package_identification:_identify(__pycache__) by extensions ['colcon_pkg']
[4.591s] Level 1:colcon.colcon_core.package_identification:_identify(__pycache__) by extension 'colcon_pkg'
[4.591s] Level 1:colcon.colcon_core.package_identification:_identify(__pycache__) by extensions ['colcon_meta']
[4.591s] Level 1:colcon.colcon_core.package_identification:_identify(__pycache__) by extension 'colcon_meta'
[4.592s] Level 1:colcon.colcon_core.package_identification:_identify(__pycache__) by extensions ['ros']
[4.592s] Level 1:colcon.colcon_core.package_identification:_identify(__pycache__) by extension 'ros'
[4.592s] Level 1:colcon.colcon_core.package_identification:_identify(__pycache__) by extensions ['cmake', 'python']
[4.592s] Level 1:colcon.colcon_core.package_identification:_identify(__pycache__) by extension 'cmake'
[4.592s] Level 1:colcon.colcon_core.package_identification:_identify(__pycache__) by extension 'python'
[4.592s] Level 1:colcon.colcon_core.package_identification:_identify(__pycache__) by extensions ['python_setup_py']
[4.593s] Level 1:colcon.colcon_core.package_identification:_identify(__pycache__) by extension 'python_setup_py'
[4.593s] Level 1:colcon.colcon_core.package_identification:_identify(build) by extensions ['ignore', 'ignore_ament_install']
[4.593s] Level 1:colcon.colcon_core.package_identification:_identify(build) by extension 'ignore'
[4.593s] Level 1:colcon.colcon_core.package_identification:_identify(build) ignored
[4.594s] Level 1:colcon.colcon_core.package_identification:_identify(install) by extensions ['ignore', 'ignore_ament_install']
[4.594s] Level 1:colcon.colcon_core.package_identification:_identify(install) by extension 'ignore'
[4.594s] Level 1:colcon.colcon_core.package_identification:_identify(install) ignored
[4.595s] Level 1:colcon.colcon_core.package_identification:_identify(log) by extensions ['ignore', 'ignore_ament_install']
[4.595s] Level 1:colcon.colcon_core.package_identification:_identify(log) by extension 'ignore'
[4.595s] Level 1:colcon.colcon_core.package_identification:_identify(log) ignored
[4.596s] Level 1:colcon.colcon_core.package_discovery:discover_packages(recursive) using defaults
[4.596s] Level 1:colcon.colcon_core.package_discovery:discover_packages(ignore) discover
[4.596s] Level 1:colcon.colcon_core.package_discovery:discover_packages(ignore) using defaults
[4.596s] Level 1:colcon.colcon_core.package_discovery:discover_packages(path) discover
[4.596s] Level 1:colcon.colcon_core.package_discovery:discover_packages(path) using defaults
[4.979s] Level 1:colcon.colcon_core.package_discovery:discover_packages(prefix_path) check parameters
[4.979s] Level 1:colcon.colcon_core.package_discovery:discover_packages(prefix_path) discover
[5.110s] DEBUG:colcon.colcon_installed_package_information.package_discovery:Found 2 installed packages in /home/rrrschuetz/ros2_ws4/install
[5.173s] DEBUG:colcon.colcon_installed_package_information.package_discovery:Found 0 installed packages in /home/rrrschuetz/install
[5.241s] DEBUG:colcon.colcon_installed_package_information.package_discovery:Found 201 installed packages in /opt/ros/humble
[5.245s] Level 1:colcon.colcon_core.package_discovery:discover_packages(prefix_path) using defaults
[5.554s] INFO:colcon.colcon_core.executor:Executing jobs using 'parallel' executor
[5.619s] DEBUG:colcon.colcon_parallel_executor.executor.parallel:run_until_complete
[5.620s] DEBUG:colcon.colcon_parallel_executor.executor.parallel:closing loop
[5.620s] DEBUG:colcon.colcon_parallel_executor.executor.parallel:loop closed
[5.621s] DEBUG:colcon.colcon_parallel_executor.executor.parallel:run_until_complete finished with '0'
[5.621s] DEBUG:colcon.colcon_core.event_reactor:joining thread
[5.703s] INFO:colcon.colcon_core.plugin_system:Skipping extension 'colcon_notification.desktop_notification.notify_send': Could not find 'notify-send'
[5.703s] INFO:colcon.colcon_core.plugin_system:Skipping extension 'colcon_notification.desktop_notification.terminal_notifier': Not used on non-Darwin systems
[5.703s] INFO:colcon.colcon_core.plugin_system:Skipping extension 'colcon_notification.desktop_notification.win32': Not used on non-Windows systems
[5.704s] INFO:colcon.colcon_notification.desktop_notification:Sending desktop notification using 'notify2'
[5.707s] DEBUG:colcon.colcon_notification.desktop_notification.notify2:Failed to initialize notify2: org.freedesktop.DBus.Error.ServiceUnknown: The name org.freedesktop.Notifications was not provided by any .service files
[5.707s] DEBUG:colcon.colcon_core.event_reactor:joined thread
[5.779s] INFO:colcon.colcon_core.plugin_system:Skipping extension 'colcon_core.shell.bat': Not used on non-Windows systems
[5.780s] INFO:colcon.colcon_core.shell:Creating prefix script '/home/rrrschuetz/ros2_ws4/src/s2e_lidar_reader/s2e_lidar_reader/install/local_setup.ps1'
[5.783s] INFO:colcon.colcon_core.shell:Creating prefix util module '/home/rrrschuetz/ros2_ws4/src/s2e_lidar_reader/s2e_lidar_reader/install/_local_setup_util_ps1.py'
[5.788s] INFO:colcon.colcon_core.shell:Creating prefix chain script '/home/rrrschuetz/ros2_ws4/src/s2e_lidar_reader/s2e_lidar_reader/install/setup.ps1'
[5.855s] INFO:colcon.colcon_core.shell:Creating prefix script '/home/rrrschuetz/ros2_ws4/src/s2e_lidar_reader/s2e_lidar_reader/install/local_setup.sh'
[5.857s] INFO:colcon.colcon_core.shell:Creating prefix util module '/home/rrrschuetz/ros2_ws4/src/s2e_lidar_reader/s2e_lidar_reader/install/_local_setup_util_sh.py'
[5.859s] INFO:colcon.colcon_core.shell:Creating prefix chain script '/home/rrrschuetz/ros2_ws4/src/s2e_lidar_reader/s2e_lidar_reader/install/setup.sh'
[5.926s] INFO:colcon.colcon_core.shell:Creating prefix script '/home/rrrschuetz/ros2_ws4/src/s2e_lidar_reader/s2e_lidar_reader/install/local_setup.bash'
[5.928s] INFO:colcon.colcon_core.shell:Creating prefix chain script '/home/rrrschuetz/ros2_ws4/src/s2e_lidar_reader/s2e_lidar_reader/install/setup.bash'
[5.994s] INFO:colcon.colcon_core.shell:Creating prefix script '/home/rrrschuetz/ros2_ws4/src/s2e_lidar_reader/s2e_lidar_reader/install/local_setup.zsh'
[5.997s] INFO:colcon.colcon_core.shell:Creating prefix chain script '/home/rrrschuetz/ros2_ws4/src/s2e_lidar_reader/s2e_lidar_reader/install/setup.zsh'
